# JRE version: OpenJDK Runtime Environment (8.0_152-b02) (build 1.8.0_152-release-1024-b02)
# Java VM: OpenJDK 64-Bit Server VM (25.152-b02 mixed mode windows-amd64 compressed oops)
Heap:
 PSYoungGen      total 445952K, used 298380K [0x00000000e0000000, 0x0000000100000000, 0x0000000100000000)
  eden space 409600K, 63% used [0x00000000e0000000,0x00000000effe40e8,0x00000000f9000000)
  from space 36352K, 99% used [0x00000000fdc80000,0x00000000fffff010,0x0000000100000000)
  to   space 57344K, 0% used [0x00000000f9000000,0x00000000f9000000,0x00000000fc800000)
 ParOldGen       total 249344K, used 110079K [0x00000000a0000000, 0x00000000af380000, 0x00000000e0000000)
  object space 249344K, 44% used [0x00000000a0000000,0x00000000a6b7fef0,0x00000000af380000)
 Metaspace       used 98883K, capacity 102038K, committed 104192K, reserved 1140736K
  class space    used 12151K, capacity 12801K, committed 13312K, reserved 1048576K
GC Heap History (10 events):
Event: 895.537 GC heap before
{Heap before GC invocations=22 (full 3):
 PSYoungGen      total 485376K, used 459512K [0x00000000e0000000, 0x00000000ffe00000, 0x0000000100000000)
  eden space 450560K, 100% used [0x00000000e0000000,0x00000000fb800000,0x00000000fb800000)
  from space 34816K, 25% used [0x00000000fdc00000,0x00000000fe4be1c8,0x00000000ffe00000)
  to   space 35840K, 0% used [0x00000000fb800000,0x00000000fb800000,0x00000000fdb00000)
 ParOldGen       total 150016K, used 124968K [0x00000000a0000000, 0x00000000a9280000, 0x00000000e0000000)
  object space 150016K, 83% used [0x00000000a0000000,0x00000000a7a0a028,0x00000000a9280000)
 Metaspace       used 82435K, capacity 86412K, committed 86656K, reserved 1124352K
  class space    used 10575K, capacity 11381K, committed 11392K, reserved 1048576K
Event: 895.544 GC heap after
Heap after GC invocations=22 (full 3):
 PSYoungGen      total 486400K, used 7792K [0x00000000e0000000, 0x00000000ffe00000, 0x0000000100000000)
  eden space 450560K, 0% used [0x00000000e0000000,0x00000000e0000000,0x00000000fb800000)
  from space 35840K, 21% used [0x00000000fb800000,0x00000000fbf9c080,0x00000000fdb00000)
  to   space 34304K, 0% used [0x00000000fdc80000,0x00000000fdc80000,0x00000000ffe00000)
 ParOldGen       total 150016K, used 125640K [0x00000000a0000000, 0x00000000a9280000, 0x00000000e0000000)
  object space 150016K, 83% used [0x00000000a0000000,0x00000000a7ab23e0,0x00000000a9280000)
 Metaspace       used 82435K, capacity 86412K, committed 86656K, reserved 1124352K
  class space    used 10575K, capacity 11381K, committed 11392K, reserved 1048576K
}
Event: 897.676 GC heap before
{Heap before GC invocations=23 (full 3):
 PSYoungGen      total 486400K, used 458352K [0x00000000e0000000, 0x00000000ffe00000, 0x0000000100000000)
  eden space 450560K, 100% used [0x00000000e0000000,0x00000000fb800000,0x00000000fb800000)
  from space 35840K, 21% used [0x00000000fb800000,0x00000000fbf9c080,0x00000000fdb00000)
  to   space 34304K, 0% used [0x00000000fdc80000,0x00000000fdc80000,0x00000000ffe00000)
 ParOldGen       total 150016K, used 125640K [0x00000000a0000000, 0x00000000a9280000, 0x00000000e0000000)
  object space 150016K, 83% used [0x00000000a0000000,0x00000000a7ab23e0,0x00000000a9280000)
 Metaspace       used 82472K, capacity 86564K, committed 86656K, reserved 1124352K
  class space    used 10577K, capacity 11385K, committed 11392K, reserved 1048576K
Event: 897.684 GC heap after
Heap after GC invocations=23 (full 3):
 PSYoungGen      total 487936K, used 1297K [0x00000000e0000000, 0x00000000ffe80000, 0x0000000100000000)
  eden space 453632K, 0% used [0x00000000e0000000,0x00000000e0000000,0x00000000fbb00000)
  from space 34304K, 3% used [0x00000000fdc80000,0x00000000fddc4778,0x00000000ffe00000)
  to   space 34304K, 0% used [0x00000000fbb00000,0x00000000fbb00000,0x00000000fdc80000)
 ParOldGen       total 150016K, used 130195K [0x00000000a0000000, 0x00000000a9280000, 0x00000000e0000000)
  object space 150016K, 86% used [0x00000000a0000000,0x00000000a7f24f18,0x00000000a9280000)
 Metaspace       used 82472K, capacity 86564K, committed 86656K, reserved 1124352K
  class space    used 10577K, capacity 11385K, committed 11392K, reserved 1048576K
}
Event: 4120.788 GC heap before
{Heap before GC invocations=24 (full 3):
 PSYoungGen      total 487936K, used 454929K [0x00000000e0000000, 0x00000000ffe80000, 0x0000000100000000)
  eden space 453632K, 100% used [0x00000000e0000000,0x00000000fbb00000,0x00000000fbb00000)
  from space 34304K, 3% used [0x00000000fdc80000,0x00000000fddc4778,0x00000000ffe00000)
  to   space 34304K, 0% used [0x00000000fbb00000,0x00000000fbb00000,0x00000000fdc80000)
 ParOldGen       total 150016K, used 130195K [0x00000000a0000000, 0x00000000a9280000, 0x00000000e0000000)
  object space 150016K, 86% used [0x00000000a0000000,0x00000000a7f24f18,0x00000000a9280000)
 Metaspace       used 83790K, capacity 87920K, committed 88064K, reserved 1126400K
  class space    used 10677K, capacity 11513K, committed 11520K, reserved 1048576K
Event: 4120.827 GC heap after
Heap after GC invocations=24 (full 3):
 PSYoungGen      total 487936K, used 34275K [0x00000000e0000000, 0x0000000100000000, 0x0000000100000000)
  eden space 453632K, 0% used [0x00000000e0000000,0x00000000e0000000,0x00000000fbb00000)
  from space 34304K, 99% used [0x00000000fbb00000,0x00000000fdc78e08,0x00000000fdc80000)
  to   space 36352K, 0% used [0x00000000fdc80000,0x00000000fdc80000,0x0000000100000000)
 ParOldGen       total 150016K, used 145879K [0x00000000a0000000, 0x00000000a9280000, 0x00000000e0000000)
  object space 150016K, 97% used [0x00000000a0000000,0x00000000a8e75c70,0x00000000a9280000)
 Metaspace       used 83790K, capacity 87920K, committed 88064K, reserved 1126400K
  class space    used 10677K, capacity 11513K, committed 11520K, reserved 1048576K
}
Event: 4120.827 GC heap before
{Heap before GC invocations=25 (full 4):
 PSYoungGen      total 487936K, used 34275K [0x00000000e0000000, 0x0000000100000000, 0x0000000100000000)
  eden space 453632K, 0% used [0x00000000e0000000,0x00000000e0000000,0x00000000fbb00000)
  from space 34304K, 99% used [0x00000000fbb00000,0x00000000fdc78e08,0x00000000fdc80000)
  to   space 36352K, 0% used [0x00000000fdc80000,0x00000000fdc80000,0x0000000100000000)
 ParOldGen       total 150016K, used 145879K [0x00000000a0000000, 0x00000000a9280000, 0x00000000e0000000)
  object space 150016K, 97% used [0x00000000a0000000,0x00000000a8e75c70,0x00000000a9280000)
 Metaspace       used 83790K, capacity 87920K, committed 88064K, reserved 1126400K
  class space    used 10677K, capacity 11513K, committed 11520K, reserved 1048576K
Event: 4121.091 GC heap after
Heap after GC invocations=25 (full 4):
 PSYoungGen      total 487936K, used 0K [0x00000000e0000000, 0x0000000100000000, 0x0000000100000000)
  eden space 453632K, 0% used [0x00000000e0000000,0x00000000e0000000,0x00000000fbb00000)
  from space 34304K, 0% used [0x00000000fbb00000,0x00000000fbb00000,0x00000000fdc80000)
  to   space 36352K, 0% used [0x00000000fdc80000,0x00000000fdc80000,0x0000000100000000)
 ParOldGen       total 249344K, used 91784K [0x00000000a0000000, 0x00000000af380000, 0x00000000e0000000)
  object space 249344K, 36% used [0x00000000a0000000,0x00000000a59a21a0,0x00000000af380000)
 Metaspace       used 81378K, capacity 84176K, committed 88064K, reserved 1126400K
  class space    used 10204K, capacity 10781K, committed 11520K, reserved 1048576K
}
Event: 4126.261 GC heap before
{Heap before GC invocations=26 (full 4):
 PSYoungGen      total 487936K, used 453632K [0x00000000e0000000, 0x0000000100000000, 0x0000000100000000)
  eden space 453632K, 100% used [0x00000000e0000000,0x00000000fbb00000,0x00000000fbb00000)
  from space 34304K, 0% used [0x00000000fbb00000,0x00000000fbb00000,0x00000000fdc80000)
  to   space 36352K, 0% used [0x00000000fdc80000,0x00000000fdc80000,0x0000000100000000)
 ParOldGen       total 249344K, used 91784K [0x00000000a0000000, 0x00000000af380000, 0x00000000e0000000)
  object space 249344K, 36% used [0x00000000a0000000,0x00000000a59a21a0,0x00000000af380000)
 Metaspace       used 98494K, capacity 101552K, committed 103936K, reserved 1140736K
  class space    used 12129K, capacity 12786K, committed 13312K, reserved 1048576K
Event: 4126.312 GC heap after
Heap after GC invocations=26 (full 4):
 PSYoungGen      total 445952K, used 36348K [0x00000000e0000000, 0x0000000100000000, 0x0000000100000000)
  eden space 409600K, 0% used [0x00000000e0000000,0x00000000e0000000,0x00000000f9000000)
  from space 36352K, 99% used [0x00000000fdc80000,0x00000000fffff010,0x0000000100000000)
  to   space 57344K, 0% used [0x00000000f9000000,0x00000000f9000000,0x00000000fc800000)
 ParOldGen       total 249344K, used 110079K [0x00000000a0000000, 0x00000000af380000, 0x00000000e0000000)
  object space 249344K, 44% used [0x00000000a0000000,0x00000000a6b7fef0,0x00000000af380000)
 Metaspace       used 98494K, capacity 101552K, committed 103936K, reserved 1140736K
  class space    used 12129K, capacity 12786K, committed 13312K, reserved 1048576K
}

